[23:33:07] [ServerMain/INFO]: [bootstrap] Running Java 25 (OpenJDK 64-Bit Server VM 25.0.2+10-LTS; Eclipse Adoptium Temurin-25.0.2+10) on Windows 11 10.0 (amd64)
[23:33:07] [ServerMain/INFO]: [bootstrap] Loading Paper 1.21.11-69-main@94d0c97 (2025-12-30T20:33:30Z) for Minecraft 1.21.11
[23:33:07] [ServerMain/WARN]: [oshi.driver.windows.perfmon.PerfmonDisabled] Invalid registry value type detected for PerfOS counters. Should be REG_DWORD. Ignoring: HKEY_LOCAL_MACHINE\SYSTEM\CurrentControlSet\Services\PerfOS\Performance\Disable Performance Counters.
[23:33:07] [ServerMain/INFO]: [PluginInitializerManager] Initializing plugins...
[23:33:07] [Paper Plugin Remapper Thread - 2/INFO]: [PluginRemapper] Remapping plugin 'plugins\ValorantMC-1.0.0.jar'...
[23:33:08] [Paper Plugin Remapper Thread - 2/INFO]: [PluginRemapper] Done remapping plugin 'plugins\ValorantMC-1.0.0.jar' in 495ms.
[23:33:08] [ServerMain/INFO]: [PluginInitializerManager] Initialized 1 plugin
[23:33:08] [ServerMain/INFO]: [PluginInitializerManager] Bukkit plugins (1):
 - ValorantMC (1.0.0)
[23:33:12] [ServerMain/INFO]: Environment: Environment[sessionHost=https://sessionserver.mojang.com, servicesHost=https://api.minecraftservices.com, profilesHost=https://api.mojang.com, name=PROD]
[23:33:12] [ServerMain/INFO]: [ca.spottedleaf.dataconverter.minecraft.datatypes.MCTypeRegistry] Initialising converters for DataConverter...
[23:33:13] [ServerMain/INFO]: [ca.spottedleaf.dataconverter.minecraft.datatypes.MCTypeRegistry] Finished initialising converters for DataConverter in 329.7ms
[23:33:14] [ServerMain/INFO]: Loaded 1470 recipes
[23:33:14] [ServerMain/INFO]: Loaded 1584 advancements
[23:33:14] [Server thread/INFO]: Starting minecraft server version 1.21.11
[23:33:14] [Server thread/INFO]: Loading properties
[23:33:14] [Server thread/INFO]: This server is running Paper version 1.21.11-69-main@94d0c97 (2025-12-30T20:33:30Z) (Implementing API version 1.21.11-R0.1-SNAPSHOT)
[23:33:14] [Server thread/INFO]: [spark] This server bundles the spark profiler. For more information please visit https://docs.papermc.io/paper/profiling
[23:33:14] [Server thread/INFO]: Server Ping Player Sample Count: 12
[23:33:14] [Server thread/INFO]: Using 4 threads for Netty based IO
[23:33:15] [Server thread/INFO]: [MoonriseCommon] Paper is using 3 worker threads, 1 I/O threads
[23:33:15] [Server thread/INFO]: Default game type: ADVENTURE
[23:33:15] [Server thread/INFO]: Generating keypair
[23:33:15] [Server thread/INFO]: Starting Minecraft server on *:25565
[23:33:15] [Server thread/INFO]: Paper: Using Java compression from Velocity.
[23:33:15] [Server thread/INFO]: Paper: Using Java cipher from Velocity.
[23:33:15] [Server thread/INFO]: [ValorantMC] Loading server plugin ValorantMC v1.0.0
[23:33:15] [Server thread/INFO]: Server permissions file permissions.yml is empty, ignoring it
[23:33:15] [Server thread/WARN]: **** SERVER IS RUNNING IN OFFLINE/INSECURE MODE!
[23:33:15] [Server thread/WARN]: The server will make no attempt to authenticate usernames. Beware.
[23:33:15] [Server thread/WARN]: While this makes the game possible to play without internet access, it also opens up the ability for hackers to connect with any username they choose.
[23:33:15] [Server thread/WARN]: To change this, set "online-mode" to "true" in the server.properties file.
[23:33:15] [Server thread/INFO]: Preparing level "world"
[23:33:16] [Server thread/INFO]: Loading 0 persistent chunks for world 'minecraft:overworld'...
[23:33:16] [Server thread/INFO]: Preparing spawn area: 100%
[23:33:16] [Server thread/INFO]: Prepared spawn area in 2 ms
[23:33:16] [Server thread/INFO]: Loading 0 persistent chunks for world 'minecraft:the_nether'...
[23:33:16] [Server thread/INFO]: Prepared spawn area in 1 ms
[23:33:16] [Server thread/INFO]: Loading 0 persistent chunks for world 'minecraft:the_end'...
[23:33:16] [Server thread/INFO]: Prepared spawn area in 2 ms
[23:33:16] [Server thread/INFO]: Done preparing level "world" (0.615s)
[23:33:16] [Server thread/INFO]: [ValorantMC] Enabling ValorantMC v1.0.0
[23:33:16] [Server thread/WARN]: [ValorantMC] Could not save messages.yml to plugins\ValorantMC\messages.yml because messages.yml already exists.
[23:33:16] [Server thread/INFO]: [ValorantMC] No real maps found — falling back to procedural arenas.
[23:33:16] [Server thread/INFO]: [ValorantMC] =================================
[23:33:16] [Server thread/INFO]: [ValorantMC]   ValorantMC v1.0.0 enabled!
[23:33:16] [Server thread/INFO]: [ValorantMC]   Weapons: 19
[23:33:16] [Server thread/INFO]: [ValorantMC]   Agents:  12
[23:33:16] [Server thread/INFO]: [ValorantMC]   Maps:    10
[23:33:16] [Server thread/INFO]: [ValorantMC] =================================
[23:33:16] [Server thread/INFO]: [spark] Starting background profiler...
[23:33:16] [Server thread/INFO]: [spark] The async-profiler engine is not supported for your os/arch (windows11/amd64), so the built-in Java engine will be used instead.
[23:33:16] [Server thread/INFO]: Running delayed init tasks
[23:33:16] [Server thread/INFO]: Done (10.731s)! For help, type "help"
[23:47:12] [User Authenticator #0/INFO]: UUID of player A715 is c8628b66-d483-350e-8cc2-5b5136cc9c76
[23:47:16] [Server thread/WARN]: Ignored advancement 'minecraft:recipes/building_blocks/dye_red_carpet' in progress file .\world\advancements\c8628b66-d483-350e-8cc2-5b5136cc9c76.json - it doesn't exist anymore?
[23:47:16] [Server thread/WARN]: Ignored advancement 'minecraft:recipes/building_blocks/dye_red_bed' in progress file .\world\advancements\c8628b66-d483-350e-8cc2-5b5136cc9c76.json - it doesn't exist anymore?
[23:47:16] [Server thread/WARN]: Ignored advancement 'minecraft:recipes/building_blocks/dye_lime_carpet' in progress file .\world\advancements\c8628b66-d483-350e-8cc2-5b5136cc9c76.json - it doesn't exist anymore?
[23:47:16] [Server thread/WARN]: Ignored advancement 'minecraft:recipes/building_blocks/dye_yellow_carpet' in progress file .\world\advancements\c8628b66-d483-350e-8cc2-5b5136cc9c76.json - it doesn't exist anymore?
[23:47:16] [Server thread/WARN]: Ignored advancement 'minecraft:recipes/building_blocks/dye_lime_bed' in progress file .\world\advancements\c8628b66-d483-350e-8cc2-5b5136cc9c76.json - it doesn't exist anymore?
[23:47:16] [Server thread/WARN]: Ignored advancement 'minecraft:recipes/building_blocks/dye_yellow_bed' in progress file .\world\advancements\c8628b66-d483-350e-8cc2-5b5136cc9c76.json - it doesn't exist anymore?
[23:47:16] [Server thread/INFO]: A715 joined the game
[23:47:16] [Server thread/INFO]: A715[/127.0.0.1:59923] logged in with entity id 40 at ([world]1996.5, 100.0, -26.5)
[23:47:28] [Server thread/INFO]: A715 issued server command: /vplay
[23:47:34] [Server thread/INFO]: [ValorantMC] Generating arena for map Sunset at 4000,100,0
[23:49:14] [Server thread/INFO]: A715 issued server command: /vshop
[23:49:32] [Server thread/INFO]: A715 lost connection: Disconnected
[23:49:32] [Server thread/INFO]: A715 left the game
